<?xml version="1.0" encoding="UTF-8"?>
<!-- Generated by org.testng.reporters.JUnitReportReporter -->
<testsuite hostname="sreekanths-MacBook-Pro.local" failures="0" tests="2" name="parallel.ParallelRun" time="9.592" errors="0" timestamp="23 May 2023 05:36:20 GMT" skipped="0">
  <testcase classname="parallel.ParallelRun" name="runScenario" time="4.916"/>
  <testcase classname="parallel.ParallelRun" name="runScenario" time="4.676"/>
</testsuite> <!-- parallel.ParallelRun -->
